1
1
1
1
3
2
1
6
11
6
1
10
35
50
24
1
15
85
225
274
120
1
21
175
735
1624
1764
720
1
28
322
1960
6769
13132
13068
5040
1
36
546
4536
22449
67284
118124
109584
40320
1
45
870
9450
63273
269325
723680
1172700
1026576
362880
1
55
1320
18150
157773
902055
3416930
8409500
12753576
10628640
3628800
1
66
1925
32670
357423
2637558
13339535
45995730
105258076
150917976
120543840
39916800
1
78
2717
55770
749463
6926634
44990231
206070150
657206836
1414014888
1931559552
1486442880
479001600
1
91
3731
91091
1474473
16669653
135036473
790943153
3336118786
9957703756
20313753096
26596717056
19802759040
6227020800
1
105
5005
143325
2749747
37312275
368411615
2681453775
14409322928
56663366760
159721605680
310989260400
392156797824
283465647360
87178291200
1
120
6580
218400
4899622
78558480
928095740
8207628000
54631129553
272803210680
1009672107080
2706813345600
5056995703824
6165817614720
4339163001600
1307674368000
1
136
8500
323680
8394022
156952432
2185031420
23057159840
185953177553
1146901283528
5374523477960
18861567058880
48366009233424
87077748875904
102992244837120
70734282393600
20922789888000
1
153
10812
468180
13896582
299650806
4853222764
60202693980
577924894833
4308105301929
24871845297936
110228466184200
369012649234384
909299905844112
1583313975727488
1821602444624640
1223405590579200
355687428096000
1
171
13566
662796
22323822
549789282
10246937272
147560703732
1661573386473
14710753408923
102417740732658
557921681547048
2353125040549984
7551527592063024
17950712280921504
30321254007719424
34012249593822720
22376988058521600
6402373705728000
1
190
16815
920550
34916946
973941900
20692933630
342252511900
4465226757381
46280647751910
381922055502195
2503858755467550
12953636989943896
52260903362512720
161429736530118960
371384787345228000
610116075740491776
668609730341153280
431565146817638400
121645100408832000
1
210
20615
1256850
53327946
1672280820
40171771630
756111184500
11310276995381
135585182899530
1307535010540395
10142299865511450
63030812099294896
311333643161390640
1206647803780373360
3599979517947607200
8037811822645051776
12870931245150988800
13803759753640704000
8752948036761600000
2432902008176640000
